{"/home/deiviz/Forge/render-notas/src/App.js": {"path":"/home/deiviz/Forge/render-notas/src/App.js","statementMap":{"0":{"start":{"line":9,"column":28},"end":{"line":9,"column":40}},"1":{"start":{"line":10,"column":32},"end":{"line":10,"column":47}},"2":{"start":{"line":12,"column":26},"end":{"line":12,"column":40}},"3":{"start":{"line":14,"column":2},"end":{"line":21,"column":8}},"4":{"start":{"line":15,"column":4},"end":{"line":15,"column":20}},"5":{"start":{"line":17,"column":4},"end":{"line":20,"column":6}},"6":{"start":{"line":18,"column":6},"end":{"line":18,"column":21}},"7":{"start":{"line":19,"column":6},"end":{"line":19,"column":23}},"8":{"start":{"line":23,"column":2},"end":{"line":30,"column":8}},"9":{"start":{"line":24,"column":27},"end":{"line":24,"column":75}},"10":{"start":{"line":25,"column":4},"end":{"line":29,"column":5}},"11":{"start":{"line":26,"column":19},"end":{"line":26,"column":45}},"12":{"start":{"line":27,"column":6},"end":{"line":27,"column":19}},"13":{"start":{"line":28,"column":6},"end":{"line":28,"column":38}},"14":{"start":{"line":32,"column":23},"end":{"line":36,"column":3}},"15":{"start":{"line":33,"column":4},"end":{"line":33,"column":17}},"16":{"start":{"line":34,"column":4},"end":{"line":34,"column":36}},"17":{"start":{"line":35,"column":4},"end":{"line":35,"column":55}},"18":{"start":{"line":38,"column":18},"end":{"line":44,"column":3}},"19":{"start":{"line":39,"column":4},"end":{"line":43,"column":43}},"20":{"start":{"line":41,"column":8},"end":{"line":41,"column":61}},"21":{"start":{"line":41,"column":30},"end":{"line":41,"column":60}},"22":{"start":{"line":43,"column":22},"end":{"line":43,"column":42}},"23":{"start":{"line":46,"column":22},"end":{"line":63,"column":3}},"24":{"start":{"line":47,"column":4},"end":{"line":62,"column":5}},"25":{"start":{"line":48,"column":19},"end":{"line":51,"column":8}},"26":{"start":{"line":53,"column":6},"end":{"line":55,"column":7}},"27":{"start":{"line":56,"column":6},"end":{"line":56,"column":38}},"28":{"start":{"line":58,"column":6},"end":{"line":58,"column":19}},"29":{"start":{"line":61,"column":6},"end":{"line":61,"column":40}},"30":{"start":{"line":65,"column":2},"end":{"line":78,"column":3}},"31":{"start":{"line":75,"column":27},"end":{"line":75,"column":61}}},"fnMap":{"0":{"name":"App","decl":{"start":{"line":8,"column":24},"end":{"line":8,"column":27}},"loc":{"start":{"line":8,"column":30},"end":{"line":79,"column":1}},"line":8},"1":{"name":"(anonymous_1)","decl":{"start":{"line":14,"column":12},"end":{"line":14,"column":13}},"loc":{"start":{"line":14,"column":18},"end":{"line":21,"column":3}},"line":14},"2":{"name":"(anonymous_2)","decl":{"start":{"line":17,"column":30},"end":{"line":17,"column":31}},"loc":{"start":{"line":17,"column":39},"end":{"line":20,"column":5}},"line":17},"3":{"name":"(anonymous_3)","decl":{"start":{"line":23,"column":12},"end":{"line":23,"column":13}},"loc":{"start":{"line":23,"column":18},"end":{"line":30,"column":3}},"line":23},"4":{"name":"(anonymous_4)","decl":{"start":{"line":32,"column":23},"end":{"line":32,"column":24}},"loc":{"start":{"line":32,"column":29},"end":{"line":36,"column":3}},"line":32},"5":{"name":"(anonymous_5)","decl":{"start":{"line":38,"column":18},"end":{"line":38,"column":19}},"loc":{"start":{"line":38,"column":34},"end":{"line":44,"column":3}},"line":38},"6":{"name":"(anonymous_6)","decl":{"start":{"line":40,"column":12},"end":{"line":40,"column":13}},"loc":{"start":{"line":40,"column":28},"end":{"line":42,"column":7}},"line":40},"7":{"name":"(anonymous_7)","decl":{"start":{"line":41,"column":17},"end":{"line":41,"column":18}},"loc":{"start":{"line":41,"column":30},"end":{"line":41,"column":60}},"line":41},"8":{"name":"(anonymous_8)","decl":{"start":{"line":43,"column":13},"end":{"line":43,"column":14}},"loc":{"start":{"line":43,"column":22},"end":{"line":43,"column":42}},"line":43},"9":{"name":"(anonymous_9)","decl":{"start":{"line":46,"column":22},"end":{"line":46,"column":23}},"loc":{"start":{"line":46,"column":45},"end":{"line":63,"column":3}},"line":46},"10":{"name":"(anonymous_10)","decl":{"start":{"line":75,"column":19},"end":{"line":75,"column":20}},"loc":{"start":{"line":75,"column":27},"end":{"line":75,"column":61}},"line":75}},"branchMap":{"0":{"loc":{"start":{"line":25,"column":4},"end":{"line":29,"column":5}},"type":"if","locations":[{"start":{"line":25,"column":4},"end":{"line":29,"column":5}},{"start":{},"end":{}}],"line":25},"1":{"loc":{"start":{"line":68,"column":7},"end":{"line":68,"column":34}},"type":"cond-expr","locations":[{"start":{"line":68,"column":17},"end":{"line":68,"column":30}},{"start":{"line":68,"column":32},"end":{"line":68,"column":34}}],"line":68},"2":{"loc":{"start":{"line":70,"column":8},"end":{"line":72,"column":51}},"type":"cond-expr","locations":[{"start":{"line":71,"column":12},"end":{"line":71,"column":70}},{"start":{"line":72,"column":12},"end":{"line":72,"column":51}}],"line":70}},"s":{"0":0,"1":0,"2":0,"3":0,"4":0,"5":0,"6":0,"7":0,"8":0,"9":0,"10":0,"11":0,"12":0,"13":0,"14":0,"15":0,"16":0,"17":0,"18":0,"19":0,"20":0,"21":0,"22":0,"23":0,"24":0,"25":0,"26":0,"27":0,"28":0,"29":0,"30":0,"31":0},"f":{"0":0,"1":0,"2":0,"3":0,"4":0,"5":0,"6":0,"7":0,"8":0,"9":0,"10":0},"b":{"0":[0,0],"1":[0,0],"2":[0,0]}}
,"/home/deiviz/Forge/render-notas/src/index.js": {"path":"/home/deiviz/Forge/render-notas/src/index.js","statementMap":{"0":{"start":{"line":5,"column":13},"end":{"line":5,"column":65}},"1":{"start":{"line":6,"column":0},"end":{"line":10,"column":2}}},"fnMap":{},"branchMap":{},"s":{"0":0,"1":0},"f":{},"b":{}}
,"/home/deiviz/Forge/render-notas/src/components/LoginForm.js": {"path":"/home/deiviz/Forge/render-notas/src/components/LoginForm.js","statementMap":{"0":{"start":{"line":6,"column":34},"end":{"line":6,"column":46}},"1":{"start":{"line":7,"column":34},"end":{"line":7,"column":46}},"2":{"start":{"line":9,"column":23},"end":{"line":18,"column":3}},"3":{"start":{"line":10,"column":4},"end":{"line":10,"column":26}},"4":{"start":{"line":12,"column":24},"end":{"line":12,"column":46}},"5":{"start":{"line":14,"column":4},"end":{"line":14,"column":28}},"6":{"start":{"line":16,"column":4},"end":{"line":16,"column":19}},"7":{"start":{"line":17,"column":4},"end":{"line":17,"column":19}},"8":{"start":{"line":20,"column":2},"end":{"line":44,"column":3}},"9":{"start":{"line":29,"column":33},"end":{"line":29,"column":64}},"10":{"start":{"line":38,"column":33},"end":{"line":38,"column":64}},"11":{"start":{"line":47,"column":0},"end":{"line":49,"column":1}}},"fnMap":{"0":{"name":"LoginForm","decl":{"start":{"line":5,"column":24},"end":{"line":5,"column":33}},"loc":{"start":{"line":5,"column":51},"end":{"line":45,"column":1}},"line":5},"1":{"name":"(anonymous_1)","decl":{"start":{"line":9,"column":23},"end":{"line":9,"column":24}},"loc":{"start":{"line":9,"column":34},"end":{"line":18,"column":3}},"line":9},"2":{"name":"(anonymous_2)","decl":{"start":{"line":29,"column":22},"end":{"line":29,"column":23}},"loc":{"start":{"line":29,"column":33},"end":{"line":29,"column":64}},"line":29},"3":{"name":"(anonymous_3)","decl":{"start":{"line":38,"column":22},"end":{"line":38,"column":23}},"loc":{"start":{"line":38,"column":33},"end":{"line":38,"column":64}},"line":38}},"branchMap":{},"s":{"0":0,"1":0,"2":0,"3":0,"4":0,"5":0,"6":0,"7":0,"8":0,"9":0,"10":0,"11":0},"f":{"0":0,"1":0,"2":0,"3":0},"b":{}}
,"/home/deiviz/Forge/render-notas/src/components/Note.js": {"path":"/home/deiviz/Forge/render-notas/src/components/Note.js","statementMap":{"0":{"start":{"line":2,"column":39},"end":{"line":2,"column":43}},"1":{"start":{"line":3,"column":4},"end":{"line":9,"column":5}}},"fnMap":{"0":{"name":"Note","decl":{"start":{"line":1,"column":24},"end":{"line":1,"column":28}},"loc":{"start":{"line":1,"column":57},"end":{"line":10,"column":1}},"line":1}},"branchMap":{"0":{"loc":{"start":{"line":7,"column":48},"end":{"line":7,"column":99}},"type":"cond-expr","locations":[{"start":{"line":7,"column":60},"end":{"line":7,"column":80}},{"start":{"line":7,"column":83},"end":{"line":7,"column":99}}],"line":7}},"s":{"0":2,"1":2},"f":{"0":2},"b":{"0":[2,0]},"_coverageSchema":"1a1c01bbd47fc00a2c39e90264f33305004495a9","hash":"7fb177c8c686ff758b4fd6534eb231b19df03c4d"}
,"/home/deiviz/Forge/render-notas/src/components/NoteForm.js": {"path":"/home/deiviz/Forge/render-notas/src/components/NoteForm.js","statementMap":{"0":{"start":{"line":5,"column":32},"end":{"line":5,"column":44}},"1":{"start":{"line":6,"column":23},"end":{"line":6,"column":31}},"2":{"start":{"line":8,"column":23},"end":{"line":10,"column":3}},"3":{"start":{"line":9,"column":4},"end":{"line":9,"column":34}},"4":{"start":{"line":12,"column":23},"end":{"line":23,"column":3}},"5":{"start":{"line":13,"column":4},"end":{"line":13,"column":26}},"6":{"start":{"line":15,"column":23},"end":{"line":18,"column":5}},"7":{"start":{"line":20,"column":4},"end":{"line":20,"column":23}},"8":{"start":{"line":21,"column":4},"end":{"line":21,"column":18}},"9":{"start":{"line":22,"column":4},"end":{"line":22,"column":43}},"10":{"start":{"line":25,"column":2},"end":{"line":41,"column":3}}},"fnMap":{"0":{"name":"NoteForm","decl":{"start":{"line":4,"column":24},"end":{"line":4,"column":32}},"loc":{"start":{"line":4,"column":60},"end":{"line":42,"column":1}},"line":4},"1":{"name":"(anonymous_1)","decl":{"start":{"line":8,"column":23},"end":{"line":8,"column":24}},"loc":{"start":{"line":8,"column":34},"end":{"line":10,"column":3}},"line":8},"2":{"name":"(anonymous_2)","decl":{"start":{"line":12,"column":23},"end":{"line":12,"column":24}},"loc":{"start":{"line":12,"column":34},"end":{"line":23,"column":3}},"line":12}},"branchMap":{},"s":{"0":0,"1":0,"2":0,"3":0,"4":0,"5":0,"6":0,"7":0,"8":0,"9":0,"10":0},"f":{"0":0,"1":0,"2":0},"b":{}}
,"/home/deiviz/Forge/render-notas/src/components/Togglable.js": {"path":"/home/deiviz/Forge/render-notas/src/components/Togglable.js","statementMap":{"0":{"start":{"line":4,"column":18},"end":{"line":29,"column":2}},"1":{"start":{"line":5,"column":32},"end":{"line":5,"column":47}},"2":{"start":{"line":7,"column":26},"end":{"line":7,"column":60}},"3":{"start":{"line":8,"column":26},"end":{"line":8,"column":60}},"4":{"start":{"line":10,"column":27},"end":{"line":10,"column":53}},"5":{"start":{"line":10,"column":33},"end":{"line":10,"column":53}},"6":{"start":{"line":12,"column":2},"end":{"line":16,"column":4}},"7":{"start":{"line":13,"column":4},"end":{"line":15,"column":5}},"8":{"start":{"line":18,"column":2},"end":{"line":28,"column":3}},"9":{"start":{"line":31,"column":0},"end":{"line":31,"column":35}},"10":{"start":{"line":33,"column":0},"end":{"line":35,"column":1}}},"fnMap":{"0":{"name":"(anonymous_0)","decl":{"start":{"line":4,"column":29},"end":{"line":4,"column":30}},"loc":{"start":{"line":4,"column":77},"end":{"line":29,"column":1}},"line":4},"1":{"name":"(anonymous_1)","decl":{"start":{"line":10,"column":27},"end":{"line":10,"column":28}},"loc":{"start":{"line":10,"column":33},"end":{"line":10,"column":53}},"line":10},"2":{"name":"(anonymous_2)","decl":{"start":{"line":12,"column":27},"end":{"line":12,"column":28}},"loc":{"start":{"line":12,"column":33},"end":{"line":16,"column":3}},"line":12}},"branchMap":{"0":{"loc":{"start":{"line":4,"column":42},"end":{"line":4,"column":65}},"type":"default-arg","locations":[{"start":{"line":4,"column":56},"end":{"line":4,"column":65}}],"line":4},"1":{"loc":{"start":{"line":7,"column":37},"end":{"line":7,"column":58}},"type":"cond-expr","locations":[{"start":{"line":7,"column":47},"end":{"line":7,"column":53}},{"start":{"line":7,"column":56},"end":{"line":7,"column":58}}],"line":7},"2":{"loc":{"start":{"line":8,"column":37},"end":{"line":8,"column":58}},"type":"cond-expr","locations":[{"start":{"line":8,"column":47},"end":{"line":8,"column":49}},{"start":{"line":8,"column":52},"end":{"line":8,"column":58}}],"line":8}},"s":{"0":1,"1":7,"2":7,"3":7,"4":7,"5":3,"6":7,"7":0,"8":7,"9":1,"10":1},"f":{"0":7,"1":3,"2":0},"b":{"0":[0],"1":[2,5],"2":[2,5]},"_coverageSchema":"1a1c01bbd47fc00a2c39e90264f33305004495a9","hash":"cf38e26bf70e710833bdbba56284f698d940edb9"}
,"/home/deiviz/Forge/render-notas/src/services/login.js": {"path":"/home/deiviz/Forge/render-notas/src/services/login.js","statementMap":{"0":{"start":{"line":2,"column":16},"end":{"line":2,"column":49}},"1":{"start":{"line":4,"column":14},"end":{"line":7,"column":1}},"2":{"start":{"line":5,"column":19},"end":{"line":5,"column":57}},"3":{"start":{"line":6,"column":2},"end":{"line":6,"column":13}},"4":{"start":{"line":9,"column":21},"end":{"line":11,"column":1}}},"fnMap":{"0":{"name":"(anonymous_0)","decl":{"start":{"line":4,"column":14},"end":{"line":4,"column":15}},"loc":{"start":{"line":4,"column":35},"end":{"line":7,"column":1}},"line":4}},"branchMap":{},"s":{"0":0,"1":0,"2":0,"3":0,"4":0},"f":{"0":0},"b":{}}
,"/home/deiviz/Forge/render-notas/src/services/notes.js": {"path":"/home/deiviz/Forge/render-notas/src/services/notes.js","statementMap":{"0":{"start":{"line":2,"column":16},"end":{"line":2,"column":49}},"1":{"start":{"line":4,"column":12},"end":{"line":4,"column":16}},"2":{"start":{"line":6,"column":17},"end":{"line":8,"column":1}},"3":{"start":{"line":7,"column":4},"end":{"line":7,"column":32}},"4":{"start":{"line":10,"column":15},"end":{"line":13,"column":1}},"5":{"start":{"line":11,"column":20},"end":{"line":11,"column":38}},"6":{"start":{"line":12,"column":4},"end":{"line":12,"column":50}},"7":{"start":{"line":12,"column":36},"end":{"line":12,"column":49}},"8":{"start":{"line":15,"column":15},"end":{"line":23,"column":1}},"9":{"start":{"line":16,"column":19},"end":{"line":20,"column":5}},"10":{"start":{"line":21,"column":20},"end":{"line":21,"column":58}},"11":{"start":{"line":22,"column":4},"end":{"line":22,"column":50}},"12":{"start":{"line":22,"column":36},"end":{"line":22,"column":49}},"13":{"start":{"line":25,"column":15},"end":{"line":33,"column":1}},"14":{"start":{"line":26,"column":19},"end":{"line":30,"column":5}},"15":{"start":{"line":31,"column":20},"end":{"line":31,"column":68}},"16":{"start":{"line":32,"column":4},"end":{"line":32,"column":50}},"17":{"start":{"line":32,"column":36},"end":{"line":32,"column":49}},"18":{"start":{"line":35,"column":20},"end":{"line":40,"column":1}}},"fnMap":{"0":{"name":"(anonymous_0)","decl":{"start":{"line":6,"column":17},"end":{"line":6,"column":18}},"loc":{"start":{"line":6,"column":29},"end":{"line":8,"column":1}},"line":6},"1":{"name":"(anonymous_1)","decl":{"start":{"line":10,"column":15},"end":{"line":10,"column":16}},"loc":{"start":{"line":10,"column":21},"end":{"line":13,"column":1}},"line":10},"2":{"name":"(anonymous_2)","decl":{"start":{"line":12,"column":24},"end":{"line":12,"column":25}},"loc":{"start":{"line":12,"column":36},"end":{"line":12,"column":49}},"line":12},"3":{"name":"(anonymous_3)","decl":{"start":{"line":15,"column":15},"end":{"line":15,"column":16}},"loc":{"start":{"line":15,"column":30},"end":{"line":23,"column":1}},"line":15},"4":{"name":"(anonymous_4)","decl":{"start":{"line":22,"column":24},"end":{"line":22,"column":25}},"loc":{"start":{"line":22,"column":36},"end":{"line":22,"column":49}},"line":22},"5":{"name":"(anonymous_5)","decl":{"start":{"line":25,"column":15},"end":{"line":25,"column":16}},"loc":{"start":{"line":25,"column":34},"end":{"line":33,"column":1}},"line":25},"6":{"name":"(anonymous_6)","decl":{"start":{"line":32,"column":24},"end":{"line":32,"column":25}},"loc":{"start":{"line":32,"column":36},"end":{"line":32,"column":49}},"line":32}},"branchMap":{},"s":{"0":0,"1":0,"2":0,"3":0,"4":0,"5":0,"6":0,"7":0,"8":0,"9":0,"10":0,"11":0,"12":0,"13":0,"14":0,"15":0,"16":0,"17":0,"18":0},"f":{"0":0,"1":0,"2":0,"3":0,"4":0,"5":0,"6":0},"b":{}}
}
